\BOOKMARK [1][-]{section.1}{Introduction}{}% 1
\BOOKMARK [2][-]{subsection.1.1}{Content}{section.1}% 2
\BOOKMARK [1][-]{section.2}{SIMD}{}% 3
\BOOKMARK [2][-]{subsection.2.1}{SIMD support}{section.2}% 4
\BOOKMARK [2][-]{subsection.2.2}{How to code with SIMD}{section.2}% 5
\BOOKMARK [2][-]{subsection.2.3}{Example of an SIMD Instruction}{section.2}% 6
\BOOKMARK [1][-]{section.3}{Real Fixed Point Multiplication}{}% 7
\BOOKMARK [2][-]{subsection.3.1}{Scalar}{section.3}% 8
\BOOKMARK [2][-]{subsection.3.2}{SIMD}{section.3}% 9
\BOOKMARK [1][-]{section.4}{Complex Fixed Point Multiplication}{}% 10
\BOOKMARK [2][-]{subsection.4.1}{Interleaved fashion}{section.4}% 11
\BOOKMARK [3][-]{subsubsection.4.1.1}{Scalar}{subsection.4.1}% 12
\BOOKMARK [3][-]{subsubsection.4.1.2}{SIMD}{subsection.4.1}% 13
\BOOKMARK [2][-]{subsection.4.2}{Separated Array Fashion}{section.4}% 14
\BOOKMARK [3][-]{subsubsection.4.2.1}{Scalar}{subsection.4.2}% 15
\BOOKMARK [3][-]{subsubsection.4.2.2}{SIMD}{subsection.4.2}% 16
\BOOKMARK [1][-]{section.5}{Simulation Setup and Timing Problems}{}% 17
\BOOKMARK [2][-]{subsection.5.1}{Alignment}{section.5}% 18
\BOOKMARK [2][-]{subsection.5.2}{Compiler optimizations}{section.5}% 19
\BOOKMARK [2][-]{subsection.5.3}{Accurate timing vs operating system}{section.5}% 20
\BOOKMARK [2][-]{subsection.5.4}{Performance counters}{section.5}% 21
\BOOKMARK [1][-]{section.6}{Simulation results}{}% 22
